# JRE version: OpenJDK Runtime Environment (8.0_151-b12) (build 1.8.0_151-8u151-b12-0ubuntu0.16.04.2-b12)
# Java VM: OpenJDK 64-Bit Server VM (25.151-b12 mixed mode linux-amd64 compressed oops)
Heap:
 PSYoungGen      total 266240K, used 2073K [0x000000076d780000, 0x000000077e580000, 0x00000007c0000000)
  eden space 256000K, 0% used [0x000000076d780000,0x000000076d780000,0x000000077d180000)
  from space 10240K, 20% used [0x000000077d180000,0x000000077d386520,0x000000077db80000)
  to   space 10240K, 0% used [0x000000077db80000,0x000000077db80000,0x000000077e580000)
 ParOldGen       total 257024K, used 136906K [0x00000006c8600000, 0x00000006d8100000, 0x000000076d780000)
  object space 257024K, 53% used [0x00000006c8600000,0x00000006d0bb2a60,0x00000006d8100000)
 Metaspace       used 9285K, capacity 9526K, committed 9600K, reserved 1058816K
  class space    used 977K, capacity 1095K, committed 1152K, reserved 1048576K
GC Heap History (10 events):
Event: 11.915 GC heap after
Heap after GC invocations=1 (full 0):
 PSYoungGen      total 74240K, used 10218K [0x000000076d780000, 0x0000000776880000, 0x00000007c0000000)
  eden space 64000K, 0% used [0x000000076d780000,0x000000076d780000,0x0000000771600000)
  from space 10240K, 99% used [0x0000000771600000,0x0000000771ffa870,0x0000000772000000)
  to   space 10240K, 0% used [0x0000000775e80000,0x0000000775e80000,0x0000000776880000)
 ParOldGen       total 169472K, used 21272K [0x00000006c8600000, 0x00000006d2b80000, 0x000000076d780000)
  object space 169472K, 12% used [0x00000006c8600000,0x00000006c9ac6038,0x00000006d2b80000)
 Metaspace       used 8231K, capacity 8458K, committed 8704K, reserved 1056768K
  class space    used 890K, capacity 997K, committed 1024K, reserved 1048576K
}
Event: 13.919 GC heap before
{Heap before GC invocations=2 (full 0):
 PSYoungGen      total 74240K, used 74218K [0x000000076d780000, 0x0000000776880000, 0x00000007c0000000)
  eden space 64000K, 100% used [0x000000076d780000,0x0000000771600000,0x0000000771600000)
  from space 10240K, 99% used [0x0000000771600000,0x0000000771ffa870,0x0000000772000000)
  to   space 10240K, 0% used [0x0000000775e80000,0x0000000775e80000,0x0000000776880000)
 ParOldGen       total 169472K, used 21272K [0x00000006c8600000, 0x00000006d2b80000, 0x000000076d780000)
  object space 169472K, 12% used [0x00000006c8600000,0x00000006c9ac6038,0x00000006d2b80000)
 Metaspace       used 8249K, capacity 8522K, committed 8704K, reserved 1056768K
  class space    used 890K, capacity 997K, committed 1024K, reserved 1048576K
Event: 14.384 GC heap after
Heap after GC invocations=2 (full 0):
 PSYoungGen      total 138240K, used 10238K [0x000000076d780000, 0x0000000776880000, 0x00000007c0000000)
  eden space 128000K, 0% used [0x000000076d780000,0x000000076d780000,0x0000000775480000)
  from space 10240K, 99% used [0x0000000775e80000,0x000000077687f850,0x0000000776880000)
  to   space 10240K, 0% used [0x0000000775480000,0x0000000775480000,0x0000000775e80000)
 ParOldGen       total 169472K, used 52384K [0x00000006c8600000, 0x00000006d2b80000, 0x000000076d780000)
  object space 169472K, 30% used [0x00000006c8600000,0x00000006cb928058,0x00000006d2b80000)
 Metaspace       used 8249K, capacity 8522K, committed 8704K, reserved 1056768K
  class space    used 890K, capacity 997K, committed 1024K, reserved 1048576K
}
Event: 15.726 GC heap before
{Heap before GC invocations=3 (full 0):
 PSYoungGen      total 138240K, used 138238K [0x000000076d780000, 0x0000000776880000, 0x00000007c0000000)
  eden space 128000K, 100% used [0x000000076d780000,0x0000000775480000,0x0000000775480000)
  from space 10240K, 99% used [0x0000000775e80000,0x000000077687f850,0x0000000776880000)
  to   space 10240K, 0% used [0x0000000775480000,0x0000000775480000,0x0000000775e80000)
 ParOldGen       total 169472K, used 52384K [0x00000006c8600000, 0x00000006d2b80000, 0x000000076d780000)
  object space 169472K, 30% used [0x00000006c8600000,0x00000006cb928058,0x00000006d2b80000)
 Metaspace       used 8304K, capacity 8592K, committed 8704K, reserved 1056768K
  class space    used 892K, capacity 998K, committed 1024K, reserved 1048576K
Event: 17.186 GC heap after
Heap after GC invocations=3 (full 0):
 PSYoungGen      total 138240K, used 10238K [0x000000076d780000, 0x000000077e580000, 0x00000007c0000000)
  eden space 128000K, 0% used [0x000000076d780000,0x000000076d780000,0x0000000775480000)
  from space 10240K, 99% used [0x0000000775480000,0x0000000775e7f860,0x0000000775e80000)
  to   space 10240K, 0% used [0x000000077db80000,0x000000077db80000,0x000000077e580000)
 ParOldGen       total 169472K, used 102324K [0x00000006c8600000, 0x00000006d2b80000, 0x000000076d780000)
  object space 169472K, 60% used [0x00000006c8600000,0x00000006ce9ed3e0,0x00000006d2b80000)
 Metaspace       used 8304K, capacity 8592K, committed 8704K, reserved 1056768K
  class space    used 892K, capacity 998K, committed 1024K, reserved 1048576K
}
Event: 20.072 GC heap before
{Heap before GC invocations=4 (full 0):
 PSYoungGen      total 138240K, used 138238K [0x000000076d780000, 0x000000077e580000, 0x00000007c0000000)
  eden space 128000K, 100% used [0x000000076d780000,0x0000000775480000,0x0000000775480000)
  from space 10240K, 99% used [0x0000000775480000,0x0000000775e7f860,0x0000000775e80000)
  to   space 10240K, 0% used [0x000000077db80000,0x000000077db80000,0x000000077e580000)
 ParOldGen       total 169472K, used 102324K [0x00000006c8600000, 0x00000006d2b80000, 0x000000076d780000)
  object space 169472K, 60% used [0x00000006c8600000,0x00000006ce9ed3e0,0x00000006d2b80000)
 Metaspace       used 9284K, capacity 9526K, committed 9600K, reserved 1058816K
  class space    used 977K, capacity 1095K, committed 1152K, reserved 1048576K
Event: 21.000 GC heap after
Heap after GC invocations=4 (full 0):
 PSYoungGen      total 266240K, used 10222K [0x000000076d780000, 0x000000077e580000, 0x00000007c0000000)
  eden space 256000K, 0% used [0x000000076d780000,0x000000076d780000,0x000000077d180000)
  from space 10240K, 99% used [0x000000077db80000,0x000000077e57b9f8,0x000000077e580000)
  to   space 10240K, 0% used [0x000000077d180000,0x000000077d180000,0x000000077db80000)
 ParOldGen       total 169472K, used 135677K [0x00000006c8600000, 0x00000006d2b80000, 0x000000076d780000)
  object space 169472K, 80% used [0x00000006c8600000,0x00000006d0a7f610,0x00000006d2b80000)
 Metaspace       used 9284K, capacity 9526K, committed 9600K, reserved 1058816K
  class space    used 977K, capacity 1095K, committed 1152K, reserved 1048576K
}
Event: 21.000 GC heap before
{Heap before GC invocations=5 (full 1):
 PSYoungGen      total 266240K, used 10222K [0x000000076d780000, 0x000000077e580000, 0x00000007c0000000)
  eden space 256000K, 0% used [0x000000076d780000,0x000000076d780000,0x000000077d180000)
  from space 10240K, 99% used [0x000000077db80000,0x000000077e57b9f8,0x000000077e580000)
  to   space 10240K, 0% used [0x000000077d180000,0x000000077d180000,0x000000077db80000)
 ParOldGen       total 169472K, used 135677K [0x00000006c8600000, 0x00000006d2b80000, 0x000000076d780000)
  object space 169472K, 80% used [0x00000006c8600000,0x00000006d0a7f610,0x00000006d2b80000)
 Metaspace       used 9284K, capacity 9526K, committed 9600K, reserved 1058816K
  class space    used 977K, capacity 1095K, committed 1152K, reserved 1048576K
Event: 21.549 GC heap after
Heap after GC invocations=5 (full 1):
 PSYoungGen      total 266240K, used 0K [0x000000076d780000, 0x000000077e580000, 0x00000007c0000000)
  eden space 256000K, 0% used [0x000000076d780000,0x000000076d780000,0x000000077d180000)
  from space 10240K, 0% used [0x000000077db80000,0x000000077db80000,0x000000077e580000)
  to   space 10240K, 0% used [0x000000077d180000,0x000000077d180000,0x000000077db80000)
 ParOldGen       total 257024K, used 136906K [0x00000006c8600000, 0x00000006d8100000, 0x000000076d780000)
  object space 257024K, 53% used [0x00000006c8600000,0x00000006d0bb2a60,0x00000006d8100000)
 Metaspace       used 9284K, capacity 9526K, committed 9600K, reserved 1058816K
  class space    used 977K, capacity 1095K, committed 1152K, reserved 1048576K
}
Event: 23.069 GC heap before
{Heap before GC invocations=6 (full 1):
 PSYoungGen      total 266240K, used 256000K [0x000000076d780000, 0x000000077e580000, 0x00000007c0000000)
  eden space 256000K, 100% used [0x000000076d780000,0x000000077d180000,0x000000077d180000)
  from space 10240K, 0% used [0x000000077db80000,0x000000077db80000,0x000000077e580000)
  to   space 10240K, 0% used [0x000000077d180000,0x000000077d180000,0x000000077db80000)
 ParOldGen       total 257024K, used 136906K [0x00000006c8600000, 0x00000006d8100000, 0x000000076d780000)
  object space 257024K, 53% used [0x00000006c8600000,0x00000006d0bb2a60,0x00000006d8100000)
 Metaspace       used 9285K, capacity 9526K, committed 9600K, reserved 1058816K
  class space    used 977K, capacity 1095K, committed 1152K, reserved 1048576K

